<?xml version="1.0" encoding="UTF-8"?>
<!-- Generated by org.testng.reporters.JUnitReportReporter -->
<testsuite hostname="Venkatesh-pc" name="pageobjecttestcases.SampleTest" tests="1" failures="0" timestamp="17 Jan 2015 07:01:27 GMT" time="44.999" errors="0">
  <testcase name="LoginApp" time="44.999" classname="pageobjecttestcases.SampleTest"/>
</testsuite>
