<?xml version="1.0" encoding="UTF-8"?>
<!-- Generated by org.testng.reporters.JUnitReportReporter -->
<testsuite hostname="Venkatesh-pc" name="testngFiles.Annotations" tests="2" failures="0" timestamp="16 Jan 2015 13:47:19 GMT" time="0.006" errors="0">
  <testcase name="OpeningBrowser" time="0.003" classname="testngFiles.Annotations"/>
  <testcase name="FlightBooking" time="0.003" classname="testngFiles.Annotations"/>
</testsuite>
