<?xml version="1.0" encoding="UTF-8"?>
<!-- Generated by org.testng.reporters.JUnitReportReporter -->
<testsuite name="test.day4" tests="3" time="0.015" ignored="3" failures="0" timestamp="26 Nov 2017 20:11:10 GMT" skipped="0" hostname="DESKTOP-GOMK6OD" errors="0">
  <testcase name="LoginAPIHomeLoan" time="0.009" classname="test.day4"/>
  <testcase name="MobileLoginHomeLoan" time="0.004" classname="test.day4"/>
  <testcase name="WebloginHomeLoan" time="0.002" classname="test.day4"/>
  <testcase name="SecondTest" classname="test.day1">
    <skipped/>
  </testcase> <!-- SecondTest -->
  <testcase name="APIcarLoan" classname="test.day3">
    <skipped/>
  </testcase> <!-- APIcarLoan -->
  <testcase name="MobilesignimcarLoan" classname="test.day3">
    <skipped/>
  </testcase> <!-- MobilesignimcarLoan -->
</testsuite> <!-- test.day4 -->
