<?xml version="1.0" encoding="UTF-8"?>
<!-- Generated by org.testng.reporters.JUnitReportReporter -->
<testsuite name="test.day3" tests="5" time="0.057" ignored="3" failures="0" timestamp="26 Nov 2017 20:11:10 GMT" skipped="0" hostname="DESKTOP-GOMK6OD" errors="0">
  <testcase name="MobilesignoutcarLoan" time="0.011" classname="test.day3"/>
  <testcase name="MobilesignoutcarLoan" time="0.013" classname="test.day3"/>
  <testcase name="MobilesignoutcarLoan" time="0.014" classname="test.day3"/>
  <testcase name="WebloginCarLoan" time="0.004" classname="test.day3"/>
  <testcase name="MobileLogincarLoan" time="0.015" classname="test.day3"/>
  <testcase name="SecondTest" classname="test.day1">
    <skipped/>
  </testcase> <!-- SecondTest -->
  <testcase name="APIcarLoan" classname="test.day3">
    <skipped/>
  </testcase> <!-- APIcarLoan -->
  <testcase name="MobilesignimcarLoan" classname="test.day3">
    <skipped/>
  </testcase> <!-- MobilesignimcarLoan -->
</testsuite> <!-- test.day3 -->
