<?xml version="1.0" encoding="UTF-8"?>
<!-- Generated by org.testng.reporters.JUnitReportReporter -->
<testsuite hostname="Venkatesh-pc" name="testngFiles.Annot2" tests="1" failures="0" timestamp="16 Jan 2015 10:33:52 GMT" time="0.009" errors="0">
  <testcase name="software" time="0.009" classname="testngFiles.Annot2"/>
</testsuite> <!-- testngFiles.Annot2 -->
