<?xml version="1.0" encoding="UTF-8"?>
<!-- Generated by org.testng.reporters.JUnitReportReporter -->
<testsuite hostname="Venkatesh-pc" name="Banking.AppTest" tests="3" failures="0" timestamp="16 Jan 2015 10:11:13 GMT" time="0.020" errors="0">
  <testcase name="FlightCancel" time="0.003" classname="Banking.AppTest"/>
  <testcase name="FlightBooking" time="0.015" classname="Banking.AppTest"/>
  <testcase name="OpeningBrowser" time="0.002" classname="Banking.AppTest"/>
</testsuite> <!-- Banking.AppTest -->
