<?xml version="1.0" encoding="UTF-8"?>
<!-- Generated by org.testng.reporters.JUnitReportReporter -->
<testsuite hostname="Venkatesh-pc" name="packTwo.DependenyAnnot" tests="3" failures="0" timestamp="16 Jan 2015 10:33:52 GMT" time="0.008" errors="0">
  <testcase name="OpeningBrowser" time="0.002" classname="packTwo.DependenyAnnot"/>
  <testcase name="Timerelated" time="0.003" classname="packTwo.DependenyAnnot"/>
  <testcase name="FlightBooking" time="0.003" classname="packTwo.DependenyAnnot"/>
</testsuite> <!-- packTwo.DependenyAnnot -->
