<?xml version="1.0" encoding="UTF-8"?>
<!-- Generated by org.testng.reporters.JUnitReportReporter -->
<testsuite hostname="Venkatesh-pc" name="packTwo.Annot2" tests="1" failures="0" timestamp="16 Jan 2015 10:33:52 GMT" time="0.013" errors="0">
  <testcase name="software" time="0.013" classname="packTwo.Annot2"/>
</testsuite> <!-- packTwo.Annot2 -->
