<?xml version="1.0" encoding="UTF-8"?>
<!-- Generated by org.testng.reporters.JUnitReportReporter -->
<testsuite hostname="Venkatesh-pc" name="packTwo.Annotations" tests="3" failures="0" timestamp="16 Jan 2015 10:33:52 GMT" time="0.009" errors="0">
  <testcase name="FlightBooking" time="0.002" classname="packTwo.Annotations"/>
  <testcase name="OpeningBrowser" time="0.004" classname="packTwo.Annotations"/>
  <testcase name="FlightCancel" time="0.003" classname="packTwo.Annotations"/>
</testsuite> <!-- packTwo.Annotations -->
