<?xml version="1.0" encoding="UTF-8"?>
<!-- Generated by org.testng.reporters.JUnitReportReporter -->
<testsuite hostname="Venkatesh-pc" name="testngFiles.DependenyAnnot" tests="3" failures="0" timestamp="16 Jan 2015 13:45:20 GMT" time="0.011" errors="0">
  <testcase name="Timerelated" time="0.007" classname="testngFiles.DependenyAnnot"/>
  <testcase name="OpeningBrowser" time="0.001" classname="testngFiles.DependenyAnnot"/>
  <testcase name="FlightBooking" time="0.003" classname="testngFiles.DependenyAnnot"/>
</testsuite>
