<?xml version="1.0" encoding="UTF-8"?>
<!-- Generated by org.testng.reporters.JUnitReportReporter -->
<testsuite hostname="Venkatesh-pc" name="testngFiles.LoginTest" tests="1" failures="0" timestamp="17 Jan 2015 06:02:19 GMT" time="8.340" errors="0">
  <testcase name="LoginApp" time="8.340" classname="testngFiles.LoginTest"/>
</testsuite> <!-- testngFiles.LoginTest -->
