<?xml version="1.0" encoding="UTF-8"?>
<!-- Generated by org.testng.reporters.JUnitReportReporter -->
<testsuite hostname="Venkatesh-pc" name="pageobjecttestcases.SampleTest" tests="1" failures="0" timestamp="17 Jan 2015 06:57:59 GMT" time="41.908" errors="0">
  <testcase name="LoginApp" time="41.908" classname="pageobjecttestcases.SampleTest"/>
</testsuite> <!-- pageobjecttestcases.SampleTest -->
