<?xml version="1.0" encoding="UTF-8"?>
<!-- Generated by org.testng.reporters.JUnitReportReporter -->
<testsuite hostname="Venkatesh-pc" name="Banking.testBase" tests="1" failures="0" timestamp="17 Jan 2015 06:30:36 GMT" time="0.026" errors="0">
  <testcase name="setup" time="0.026" classname="Banking.testBase"/>
</testsuite> <!-- Banking.testBase -->
