<?xml version="1.0" encoding="UTF-8"?>
<!-- Generated by org.testng.reporters.JUnitReportReporter -->
<testsuite hostname="Venkatesh-pc" name="testngFiles.SampleTest" tests="2" failures="0" timestamp="17 Jan 2015 06:50:21 GMT" time="73.595" errors="0">
  <testcase name="LoginApp" time="48.228" classname="testngFiles.SampleTest"/>
  <testcase name="setup" time="25.367" classname="testngFiles.SampleTest"/>
</testsuite> <!-- testngFiles.SampleTest -->
